<?xml version="1.0" encoding="UTF-8"?>
<!-- Generated by org.testng.reporters.JUnitReportReporter -->
<testsuite skipped="0" hostname="Manju" name="com.testcases1.orangehrmtestcases" tests="1" failures="0" timestamp="2020-04-29T14:33:26 CDT" time="3.205" errors="0">
  <testcase name="loginpage" time="3.205" classname="com.testcases1.orangehrmtestcases"/>
  <system-out/>
</testsuite> <!-- com.testcases1.orangehrmtestcases -->
