<?xml version="1.0" encoding="UTF-8"?>
<!-- Generated by org.testng.reporters.JUnitReportReporter -->
<testsuite skipped="0" hostname="Manju" name="com.testcases1.Logintestcase" tests="1" failures="0" timestamp="2020-04-29T11:30:24 CDT" time="1.444" errors="0">
  <testcase name="login" time="1.444" classname="com.testcases1.Logintestcase"/>
  <system-out/>
</testsuite> <!-- com.testcases1.Logintestcase -->
