<?xml version="1.0" encoding="UTF-8"?>
<!-- Generated by org.testng.reporters.JUnitReportReporter -->
<testsuite skipped="0" hostname="Manju" name="com.testcases1.RegisterTestcase" tests="1" failures="0" timestamp="2020-04-29T11:30:24 CDT" time="2.227" errors="0">
  <testcase name="signup" time="2.227" classname="com.testcases1.RegisterTestcase"/>
  <system-out/>
</testsuite> <!-- com.testcases1.RegisterTestcase -->
